连接95已建立
socket端口对象信息：{"address":"::","family":"IPv6","port":8080}
当前连接数状态：1/2
2018-4-13 17:33:43 你好！BYE
连接870已建立
socket端口对象信息：{"address":"::","family":"IPv6","port":8080}
当前连接数状态：1/2
2018-4-13 17:35:57 你好！
2018-4-13 17:35:57 BYE
连接900已建立
socket端口对象信息：{"address":"::","family":"IPv6","port":8080}
当前连接数状态：1/2
2018-4-13 17:36:4 你好！
连接75已建立
连接294已建立
socket端口对象信息：{"address":"::","family":"IPv6","port":8080}
当前连接数状态：1/2
连接877已建立
socket端口对象信息：{"address":"::","family":"IPv6","port":8080}
当前连接数状态：1/2
连接110已建立
socket端口对象信息：{"address":"::","family":"IPv6","port":8080}
当前连接数状态：1/2
连接727已建立
socket端口对象信息：{"address":"::","family":"IPv6","port":8080}
当前连接数状态：1/2
连接947已建立
socket端口对象信息：{"address":"::","family":"IPv6","port":8080}
当前连接数状态：1/2
连接765已建立
socket端口对象信息：{"address":"::","family":"IPv6","port":8080}
当前连接数状态：1/2
连接71已建立
socket端口对象信息：{"address":"::","family":"IPv6","port":8080}
当前连接数状态：1/2
连接674已建立
socket端口对象信息：{"address":"::","family":"IPv6","port":8080}
当前连接数状态：1/2
连接653已建立
socket端口对象信息：{"address":"::","family":"IPv6","port":8080}
当前连接数状态：1/2
2018-4-13 20:21:9 lll
2018-4-13 20:21:12 kkk
连接899已建立
socket端口对象信息：{"address":"::","family":"IPv6","port":8080}
当前连接数状态：1/2
2018-4-14 9:46:56 shoudao
连接654已建立
socket端口对象信息：{"address":"::","family":"IPv6","port":8080}
当前连接数状态：1/2
2018-4-14 9:50:49 sss
连接1008已建立
socket端口对象信息：{"address":"::","family":"IPv6","port":8080}
当前连接数状态：1/2
2018-4-14 9:51:54 rr
2018-4-14 9:52:8 好的
